Build started 22/09/2015 12:05:47.
     1>Project "D:\Pessoal\Projetos\AgendaTelefonica\Lista_Telefonica\Lista_Telefonica\Lista_Telefonica.vcxproj" on node 2 (Build target(s)).
     1>ClCompile:
         C:\Program Files (x86)\Microsoft Visual Studio 14.0\VC\bin\CL.exe /c /ZI /nologo /W3 /WX- /sdl /Od /Oy- /D WIN32 /D _DEBUG /D _CRT_SECURE_NO_WARNINGS /D _CONSOLE /D _UNICODE /D UNICODE /Gm /EHsc /RTC1 /MDd /GS /fp:precise /Zc:wchar_t /Zc:forScope /Zc:inline /Fo"Debug\\" /Fd"Debug\vc140.pdb" /Gd /TC /analyze- /errorReport:prompt ListaTelefonica.c Principal.c
         Principal.c
     1>d:\pessoal\projetos\agendatelefonica\lista_telefonica\lista_telefonica\principal.c(45): warning C4098: 'MenuPrincipal': 'void' function returning a value
         ListaTelefonica.c
     1>d:\pessoal\projetos\agendatelefonica\lista_telefonica\lista_telefonica\listatelefonica.c(73): warning C4047: 'return': 'long' differs in levels of indirection from 'void *'
     1>d:\pessoal\projetos\agendatelefonica\lista_telefonica\lista_telefonica\listatelefonica.c(63): warning C4101: 'qtdegistros': unreferenced local variable
     1>d:\pessoal\projetos\agendatelefonica\lista_telefonica\lista_telefonica\listatelefonica.c(87): warning C4013: 'free' undefined; assuming extern returning int
     1>d:\pessoal\projetos\agendatelefonica\lista_telefonica\lista_telefonica\listatelefonica.c(192): warning C4020: 'IncrementaID': too many actual parameters
     1>d:\pessoal\projetos\agendatelefonica\lista_telefonica\lista_telefonica\listatelefonica.c(220): warning C4020: 'IncrementaID': too many actual parameters
     1>d:\pessoal\projetos\agendatelefonica\lista_telefonica\lista_telefonica\listatelefonica.c(245): warning C4029: declared formal parameter list different from definition
     1>d:\pessoal\projetos\agendatelefonica\lista_telefonica\lista_telefonica\listatelefonica.c(358): warning C4013: 'malloc' undefined; assuming extern returning int
         Generating Code...
     1>d:\pessoal\projetos\agendatelefonica\lista_telefonica\lista_telefonica\listatelefonica.c(265): warning C4172: returning address of local variable or temporary: header
     1>d:\pessoal\projetos\agendatelefonica\lista_telefonica\lista_telefonica\listatelefonica.c(513): warning C4172: returning address of local variable or temporary: contato
       Link:
         C:\Program Files (x86)\Microsoft Visual Studio 14.0\VC\bin\link.exe /ERRORREPORT:PROMPT /OUT:"D:\Pessoal\Projetos\AgendaTelefonica\Lista_Telefonica\Debug\Lista_Telefonica.exe" /INCREMENTAL /NOLOGO kernel32.lib user32.lib gdi32.lib winspool.lib comdlg32.lib advapi32.lib shell32.lib ole32.lib oleaut32.lib uuid.lib odbc32.lib odbccp32.lib /MANIFEST /MANIFESTUAC:"level='asInvoker' uiAccess='false'" /manifest:embed /Debug /PDB:"D:\Pessoal\Projetos\AgendaTelefonica\Lista_Telefonica\Debug\Lista_Telefonica.pdb" /SUBSYSTEM:CONSOLE /TLBID:1 /DYNAMICBASE /NXCOMPAT /IMPLIB:"D:\Pessoal\Projetos\AgendaTelefonica\Lista_Telefonica\Debug\Lista_Telefonica.lib" /MACHINE:X86 Debug\ListaTelefonica.obj
         Debug\Principal.obj
         Lista_Telefonica.vcxproj -> D:\Pessoal\Projetos\AgendaTelefonica\Lista_Telefonica\Debug\Lista_Telefonica.exe
     1>Done Building Project "D:\Pessoal\Projetos\AgendaTelefonica\Lista_Telefonica\Lista_Telefonica\Lista_Telefonica.vcxproj" (Build target(s)).

Build succeeded.

Time Elapsed 00:00:00.65
